# JRE version: Java(TM) SE Runtime Environment (8.0_65-b17) (build 1.8.0_65-b17)
# Java VM: Java HotSpot(TM) 64-Bit Server VM (25.65-b01 mixed mode windows-amd64 compressed oops)
Heap:
 PSYoungGen      total 54784K, used 23181K [0x00000000d5900000, 0x00000000da080000, 0x0000000100000000)
  eden space 43520K, 53% used [0x00000000d5900000,0x00000000d6fa37f0,0x00000000d8380000)
  from space 11264K, 0% used [0x00000000d9180000,0x00000000d9180000,0x00000000d9c80000)
  to   space 14336K, 0% used [0x00000000d8380000,0x00000000d8380000,0x00000000d9180000)
 ParOldGen       total 67584K, used 17093K [0x0000000080a00000, 0x0000000084c00000, 0x00000000d5900000)
  object space 67584K, 25% used [0x0000000080a00000,0x0000000081ab1560,0x0000000084c00000)
 Metaspace       used 36953K, capacity 38426K, committed 38656K, reserved 1083392K
  class space    used 5079K, capacity 5318K, committed 5376K, reserved 1048576K
GC Heap History (10 events):
Event: 2.478 GC heap before
{Heap before GC invocations=4 (full 1):
 PSYoungGen      total 38400K, used 5106K [0x00000000d5900000, 0x00000000d8380000, 0x0000000100000000)
  eden space 33280K, 0% used [0x00000000d5900000,0x00000000d5900000,0x00000000d7980000)
  from space 5120K, 99% used [0x00000000d7980000,0x00000000d7e7cad0,0x00000000d7e80000)
  to   space 5120K, 0% used [0x00000000d7e80000,0x00000000d7e80000,0x00000000d8380000)
 ParOldGen       total 87552K, used 6743K [0x0000000080a00000, 0x0000000085f80000, 0x00000000d5900000)
  object space 87552K, 7% used [0x0000000080a00000,0x0000000081095e28,0x0000000085f80000)
 Metaspace       used 20856K, capacity 21086K, committed 21296K, reserved 1069056K
  class space    used 2540K, capacity 2633K, committed 2688K, reserved 1048576K
Event: 2.498 GC heap after
Heap after GC invocations=4 (full 1):
 PSYoungGen      total 38400K, used 0K [0x00000000d5900000, 0x00000000d8380000, 0x0000000100000000)
  eden space 33280K, 0% used [0x00000000d5900000,0x00000000d5900000,0x00000000d7980000)
  from space 5120K, 0% used [0x00000000d7980000,0x00000000d7980000,0x00000000d7e80000)
  to   space 5120K, 0% used [0x00000000d7e80000,0x00000000d7e80000,0x00000000d8380000)
 ParOldGen       total 67584K, used 8580K [0x0000000080a00000, 0x0000000084c00000, 0x00000000d5900000)
  object space 67584K, 12% used [0x0000000080a00000,0x0000000081261258,0x0000000084c00000)
 Metaspace       used 20856K, capacity 21086K, committed 21296K, reserved 1069056K
  class space    used 2540K, capacity 2633K, committed 2688K, reserved 1048576K
}
Event: 2.896 GC heap before
{Heap before GC invocations=5 (full 1):
 PSYoungGen      total 38400K, used 33280K [0x00000000d5900000, 0x00000000d8380000, 0x0000000100000000)
  eden space 33280K, 100% used [0x00000000d5900000,0x00000000d7980000,0x00000000d7980000)
  from space 5120K, 0% used [0x00000000d7980000,0x00000000d7980000,0x00000000d7e80000)
  to   space 5120K, 0% used [0x00000000d7e80000,0x00000000d7e80000,0x00000000d8380000)
 ParOldGen       total 67584K, used 8580K [0x0000000080a00000, 0x0000000084c00000, 0x00000000d5900000)
  object space 67584K, 12% used [0x0000000080a00000,0x0000000081261258,0x0000000084c00000)
 Metaspace       used 23105K, capacity 23472K, committed 23808K, reserved 1071104K
  class space    used 2826K, capacity 2956K, committed 3072K, reserved 1048576K
Event: 2.898 GC heap after
Heap after GC invocations=5 (full 1):
 PSYoungGen      total 38400K, used 2754K [0x00000000d5900000, 0x00000000d9080000, 0x0000000100000000)
  eden space 33280K, 0% used [0x00000000d5900000,0x00000000d5900000,0x00000000d7980000)
  from space 5120K, 53% used [0x00000000d7e80000,0x00000000d8130a30,0x00000000d8380000)
  to   space 5120K, 0% used [0x00000000d7980000,0x00000000d7980000,0x00000000d7e80000)
 ParOldGen       total 67584K, used 8588K [0x0000000080a00000, 0x0000000084c00000, 0x00000000d5900000)
  object space 67584K, 12% used [0x0000000080a00000,0x0000000081263258,0x0000000084c00000)
 Metaspace       used 23105K, capacity 23472K, committed 23808K, reserved 1071104K
  class space    used 2826K, capacity 2956K, committed 3072K, reserved 1048576K
}
Event: 3.671 GC heap before
{Heap before GC invocations=6 (full 1):
 PSYoungGen      total 38400K, used 36034K [0x00000000d5900000, 0x00000000d9080000, 0x0000000100000000)
  eden space 33280K, 100% used [0x00000000d5900000,0x00000000d7980000,0x00000000d7980000)
  from space 5120K, 53% used [0x00000000d7e80000,0x00000000d8130a30,0x00000000d8380000)
  to   space 5120K, 0% used [0x00000000d7980000,0x00000000d7980000,0x00000000d7e80000)
 ParOldGen       total 67584K, used 8588K [0x0000000080a00000, 0x0000000084c00000, 0x00000000d5900000)
  object space 67584K, 12% used [0x0000000080a00000,0x0000000081263258,0x0000000084c00000)
 Metaspace       used 31572K, capacity 32050K, committed 32256K, reserved 1077248K
  class space    used 4177K, capacity 4336K, committed 4352K, reserved 1048576K
Event: 3.675 GC heap after
Heap after GC invocations=6 (full 1):
 PSYoungGen      total 38400K, used 5089K [0x00000000d5900000, 0x00000000d9c80000, 0x0000000100000000)
  eden space 33280K, 0% used [0x00000000d5900000,0x00000000d5900000,0x00000000d7980000)
  from space 5120K, 99% used [0x00000000d7980000,0x00000000d7e78638,0x00000000d7e80000)
  to   space 11264K, 0% used [0x00000000d9180000,0x00000000d9180000,0x00000000d9c80000)
 ParOldGen       total 67584K, used 9833K [0x0000000080a00000, 0x0000000084c00000, 0x00000000d5900000)
  object space 67584K, 14% used [0x0000000080a00000,0x000000008139a4e8,0x0000000084c00000)
 Metaspace       used 31572K, capacity 32050K, committed 32256K, reserved 1077248K
  class space    used 4177K, capacity 4336K, committed 4352K, reserved 1048576K
}
Event: 11.220 GC heap before
{Heap before GC invocations=7 (full 1):
 PSYoungGen      total 38400K, used 26790K [0x00000000d5900000, 0x00000000d9c80000, 0x0000000100000000)
  eden space 33280K, 65% used [0x00000000d5900000,0x00000000d6e313d8,0x00000000d7980000)
  from space 5120K, 99% used [0x00000000d7980000,0x00000000d7e78638,0x00000000d7e80000)
  to   space 11264K, 0% used [0x00000000d9180000,0x00000000d9180000,0x00000000d9c80000)
 ParOldGen       total 67584K, used 9833K [0x0000000080a00000, 0x0000000084c00000, 0x00000000d5900000)
  object space 67584K, 14% used [0x0000000080a00000,0x000000008139a4e8,0x0000000084c00000)
 Metaspace       used 34387K, capacity 35312K, committed 35456K, reserved 1079296K
  class space    used 4719K, capacity 4909K, committed 4992K, reserved 1048576K
Event: 11.227 GC heap after
Heap after GC invocations=7 (full 1):
 PSYoungGen      total 54784K, used 11245K [0x00000000d5900000, 0x00000000da080000, 0x0000000100000000)
  eden space 43520K, 0% used [0x00000000d5900000,0x00000000d5900000,0x00000000d8380000)
  from space 11264K, 99% used [0x00000000d9180000,0x00000000d9c7b688,0x00000000d9c80000)
  to   space 14336K, 0% used [0x00000000d8380000,0x00000000d8380000,0x00000000d9180000)
 ParOldGen       total 67584K, used 11969K [0x0000000080a00000, 0x0000000084c00000, 0x00000000d5900000)
  object space 67584K, 17% used [0x0000000080a00000,0x00000000815b04f8,0x0000000084c00000)
 Metaspace       used 34387K, capacity 35312K, committed 35456K, reserved 1079296K
  class space    used 4719K, capacity 4909K, committed 4992K, reserved 1048576K
}
Event: 11.227 GC heap before
{Heap before GC invocations=8 (full 2):
 PSYoungGen      total 54784K, used 11245K [0x00000000d5900000, 0x00000000da080000, 0x0000000100000000)
  eden space 43520K, 0% used [0x00000000d5900000,0x00000000d5900000,0x00000000d8380000)
  from space 11264K, 99% used [0x00000000d9180000,0x00000000d9c7b688,0x00000000d9c80000)
  to   space 14336K, 0% used [0x00000000d8380000,0x00000000d8380000,0x00000000d9180000)
 ParOldGen       total 67584K, used 11969K [0x0000000080a00000, 0x0000000084c00000, 0x00000000d5900000)
  object space 67584K, 17% used [0x0000000080a00000,0x00000000815b04f8,0x0000000084c00000)
 Metaspace       used 34387K, capacity 35312K, committed 35456K, reserved 1079296K
  class space    used 4719K, capacity 4909K, committed 4992K, reserved 1048576K
Event: 11.267 GC heap after
Heap after GC invocations=8 (full 2):
 PSYoungGen      total 54784K, used 0K [0x00000000d5900000, 0x00000000da080000, 0x0000000100000000)
  eden space 43520K, 0% used [0x00000000d5900000,0x00000000d5900000,0x00000000d8380000)
  from space 11264K, 0% used [0x00000000d9180000,0x00000000d9180000,0x00000000d9c80000)
  to   space 14336K, 0% used [0x00000000d8380000,0x00000000d8380000,0x00000000d9180000)
 ParOldGen       total 67584K, used 17093K [0x0000000080a00000, 0x0000000084c00000, 0x00000000d5900000)
  object space 67584K, 25% used [0x0000000080a00000,0x0000000081ab1560,0x0000000084c00000)
 Metaspace       used 34387K, capacity 35312K, committed 35456K, reserved 1079296K
  class space    used 4719K, capacity 4909K, committed 4992K, reserved 1048576K
}

