# JRE version: Java(TM) SE Runtime Environment (8.0_65-b17) (build 1.8.0_65-b17)
# Java VM: Java HotSpot(TM) 64-Bit Server VM (25.65-b01 mixed mode windows-amd64 compressed oops)
Heap:
 PSYoungGen      total 56320K, used 22694K [0x00000000d5900000, 0x00000000d9d00000, 0x0000000100000000)
  eden space 45056K, 50% used [0x00000000d5900000,0x00000000d6f29878,0x00000000d8500000)
  from space 11264K, 0% used [0x00000000d9100000,0x00000000d9100000,0x00000000d9c00000)
  to   space 12288K, 0% used [0x00000000d8500000,0x00000000d8500000,0x00000000d9100000)
 ParOldGen       total 67584K, used 17103K [0x0000000080a00000, 0x0000000084c00000, 0x00000000d5900000)
  object space 67584K, 25% used [0x0000000080a00000,0x0000000081ab3cf0,0x0000000084c00000)
 Metaspace       used 37129K, capacity 38674K, committed 38912K, reserved 1083392K
  class space    used 5108K, capacity 5358K, committed 5376K, reserved 1048576K
GC Heap History (10 events):
Event: 2.135 GC heap before
{Heap before GC invocations=4 (full 1):
 PSYoungGen      total 38400K, used 5106K [0x00000000d5900000, 0x00000000d8380000, 0x0000000100000000)
  eden space 33280K, 0% used [0x00000000d5900000,0x00000000d5900000,0x00000000d7980000)
  from space 5120K, 99% used [0x00000000d7980000,0x00000000d7e7cab0,0x00000000d7e80000)
  to   space 5120K, 0% used [0x00000000d7e80000,0x00000000d7e80000,0x00000000d8380000)
 ParOldGen       total 87552K, used 6759K [0x0000000080a00000, 0x0000000085f80000, 0x00000000d5900000)
  object space 87552K, 7% used [0x0000000080a00000,0x0000000081099cd8,0x0000000085f80000)
 Metaspace       used 20809K, capacity 21086K, committed 21296K, reserved 1069056K
  class space    used 2540K, capacity 2633K, committed 2688K, reserved 1048576K
Event: 2.155 GC heap after
Heap after GC invocations=4 (full 1):
 PSYoungGen      total 38400K, used 0K [0x00000000d5900000, 0x00000000d8380000, 0x0000000100000000)
  eden space 33280K, 0% used [0x00000000d5900000,0x00000000d5900000,0x00000000d7980000)
  from space 5120K, 0% used [0x00000000d7980000,0x00000000d7980000,0x00000000d7e80000)
  to   space 5120K, 0% used [0x00000000d7e80000,0x00000000d7e80000,0x00000000d8380000)
 ParOldGen       total 67584K, used 8571K [0x0000000080a00000, 0x0000000084c00000, 0x00000000d5900000)
  object space 67584K, 12% used [0x0000000080a00000,0x000000008125ee70,0x0000000084c00000)
 Metaspace       used 20809K, capacity 21086K, committed 21296K, reserved 1069056K
  class space    used 2540K, capacity 2633K, committed 2688K, reserved 1048576K
}
Event: 2.566 GC heap before
{Heap before GC invocations=5 (full 1):
 PSYoungGen      total 38400K, used 33280K [0x00000000d5900000, 0x00000000d8380000, 0x0000000100000000)
  eden space 33280K, 100% used [0x00000000d5900000,0x00000000d7980000,0x00000000d7980000)
  from space 5120K, 0% used [0x00000000d7980000,0x00000000d7980000,0x00000000d7e80000)
  to   space 5120K, 0% used [0x00000000d7e80000,0x00000000d7e80000,0x00000000d8380000)
 ParOldGen       total 67584K, used 8571K [0x0000000080a00000, 0x0000000084c00000, 0x00000000d5900000)
  object space 67584K, 12% used [0x0000000080a00000,0x000000008125ee70,0x0000000084c00000)
 Metaspace       used 23028K, capacity 23344K, committed 23552K, reserved 1069056K
  class space    used 2824K, capacity 2956K, committed 3072K, reserved 1048576K
Event: 2.568 GC heap after
Heap after GC invocations=5 (full 1):
 PSYoungGen      total 38400K, used 2764K [0x00000000d5900000, 0x00000000d9000000, 0x0000000100000000)
  eden space 33280K, 0% used [0x00000000d5900000,0x00000000d5900000,0x00000000d7980000)
  from space 5120K, 53% used [0x00000000d7e80000,0x00000000d8133290,0x00000000d8380000)
  to   space 5120K, 0% used [0x00000000d7980000,0x00000000d7980000,0x00000000d7e80000)
 ParOldGen       total 67584K, used 8579K [0x0000000080a00000, 0x0000000084c00000, 0x00000000d5900000)
  object space 67584K, 12% used [0x0000000080a00000,0x0000000081260e70,0x0000000084c00000)
 Metaspace       used 23028K, capacity 23344K, committed 23552K, reserved 1069056K
  class space    used 2824K, capacity 2956K, committed 3072K, reserved 1048576K
}
Event: 3.214 GC heap before
{Heap before GC invocations=6 (full 1):
 PSYoungGen      total 38400K, used 36044K [0x00000000d5900000, 0x00000000d9000000, 0x0000000100000000)
  eden space 33280K, 100% used [0x00000000d5900000,0x00000000d7980000,0x00000000d7980000)
  from space 5120K, 53% used [0x00000000d7e80000,0x00000000d8133290,0x00000000d8380000)
  to   space 5120K, 0% used [0x00000000d7980000,0x00000000d7980000,0x00000000d7e80000)
 ParOldGen       total 67584K, used 8579K [0x0000000080a00000, 0x0000000084c00000, 0x00000000d5900000)
  object space 67584K, 12% used [0x0000000080a00000,0x0000000081260e70,0x0000000084c00000)
 Metaspace       used 31664K, capacity 32134K, committed 32256K, reserved 1077248K
  class space    used 4195K, capacity 4340K, committed 4352K, reserved 1048576K
Event: 3.218 GC heap after
Heap after GC invocations=6 (full 1):
 PSYoungGen      total 38400K, used 5100K [0x00000000d5900000, 0x00000000d9c00000, 0x0000000100000000)
  eden space 33280K, 0% used [0x00000000d5900000,0x00000000d5900000,0x00000000d7980000)
  from space 5120K, 99% used [0x00000000d7980000,0x00000000d7e7b170,0x00000000d7e80000)
  to   space 11264K, 0% used [0x00000000d9100000,0x00000000d9100000,0x00000000d9c00000)
 ParOldGen       total 67584K, used 9945K [0x0000000080a00000, 0x0000000084c00000, 0x00000000d5900000)
  object space 67584K, 14% used [0x0000000080a00000,0x00000000813b6460,0x0000000084c00000)
 Metaspace       used 31664K, capacity 32134K, committed 32256K, reserved 1077248K
  class space    used 4195K, capacity 4340K, committed 4352K, reserved 1048576K
}
Event: 6.372 GC heap before
{Heap before GC invocations=7 (full 1):
 PSYoungGen      total 38400K, used 25615K [0x00000000d5900000, 0x00000000d9c00000, 0x0000000100000000)
  eden space 33280K, 61% used [0x00000000d5900000,0x00000000d6d08af0,0x00000000d7980000)
  from space 5120K, 99% used [0x00000000d7980000,0x00000000d7e7b170,0x00000000d7e80000)
  to   space 11264K, 0% used [0x00000000d9100000,0x00000000d9100000,0x00000000d9c00000)
 ParOldGen       total 67584K, used 9945K [0x0000000080a00000, 0x0000000084c00000, 0x00000000d5900000)
  object space 67584K, 14% used [0x0000000080a00000,0x00000000813b6460,0x0000000084c00000)
 Metaspace       used 34447K, capacity 35316K, committed 35456K, reserved 1079296K
  class space    used 4728K, capacity 4911K, committed 4992K, reserved 1048576K
Event: 6.378 GC heap after
Heap after GC invocations=7 (full 1):
 PSYoungGen      total 56320K, used 9373K [0x00000000d5900000, 0x00000000d9d00000, 0x0000000100000000)
  eden space 45056K, 0% used [0x00000000d5900000,0x00000000d5900000,0x00000000d8500000)
  from space 11264K, 83% used [0x00000000d9100000,0x00000000d9a27668,0x00000000d9c00000)
  to   space 12288K, 0% used [0x00000000d8500000,0x00000000d8500000,0x00000000d9100000)
 ParOldGen       total 67584K, used 14049K [0x0000000080a00000, 0x0000000084c00000, 0x00000000d5900000)
  object space 67584K, 20% used [0x0000000080a00000,0x00000000817b8480,0x0000000084c00000)
 Metaspace       used 34447K, capacity 35316K, committed 35456K, reserved 1079296K
  class space    used 4728K, capacity 4911K, committed 4992K, reserved 1048576K
}
Event: 6.378 GC heap before
{Heap before GC invocations=8 (full 2):
 PSYoungGen      total 56320K, used 9373K [0x00000000d5900000, 0x00000000d9d00000, 0x0000000100000000)
  eden space 45056K, 0% used [0x00000000d5900000,0x00000000d5900000,0x00000000d8500000)
  from space 11264K, 83% used [0x00000000d9100000,0x00000000d9a27668,0x00000000d9c00000)
  to   space 12288K, 0% used [0x00000000d8500000,0x00000000d8500000,0x00000000d9100000)
 ParOldGen       total 67584K, used 14049K [0x0000000080a00000, 0x0000000084c00000, 0x00000000d5900000)
  object space 67584K, 20% used [0x0000000080a00000,0x00000000817b8480,0x0000000084c00000)
 Metaspace       used 34447K, capacity 35316K, committed 35456K, reserved 1079296K
  class space    used 4728K, capacity 4911K, committed 4992K, reserved 1048576K
Event: 6.417 GC heap after
Heap after GC invocations=8 (full 2):
 PSYoungGen      total 56320K, used 0K [0x00000000d5900000, 0x00000000d9d00000, 0x0000000100000000)
  eden space 45056K, 0% used [0x00000000d5900000,0x00000000d5900000,0x00000000d8500000)
  from space 11264K, 0% used [0x00000000d9100000,0x00000000d9100000,0x00000000d9c00000)
  to   space 12288K, 0% used [0x00000000d8500000,0x00000000d8500000,0x00000000d9100000)
 ParOldGen       total 67584K, used 17103K [0x0000000080a00000, 0x0000000084c00000, 0x00000000d5900000)
  object space 67584K, 25% used [0x0000000080a00000,0x0000000081ab3cf0,0x0000000084c00000)
 Metaspace       used 34447K, capacity 35316K, committed 35456K, reserved 1079296K
  class space    used 4728K, capacity 4911K, committed 4992K, reserved 1048576K
}

