# JRE version: Java(TM) SE Runtime Environment (8.0_65-b17) (build 1.8.0_65-b17)
# Java VM: Java HotSpot(TM) 64-Bit Server VM (25.65-b01 mixed mode windows-amd64 compressed oops)
Heap:
 PSYoungGen      total 49152K, used 40835K [0x00000000d5900000, 0x00000000da200000, 0x0000000100000000)
  eden space 46080K, 82% used [0x00000000d5900000,0x00000000d7e173c8,0x00000000d8600000)
  from space 3072K, 92% used [0x00000000d9f00000,0x00000000da1c98a8,0x00000000da200000)
  to   space 5120K, 0% used [0x00000000d9800000,0x00000000d9800000,0x00000000d9d00000)
 ParOldGen       total 67072K, used 8592K [0x0000000080a00000, 0x0000000084b80000, 0x00000000d5900000)
  object space 67072K, 12% used [0x0000000080a00000,0x0000000081264380,0x0000000084b80000)
 Metaspace       used 33017K, capacity 33616K, committed 33920K, reserved 1079296K
  class space    used 4497K, capacity 4647K, committed 4736K, reserved 1048576K
GC Heap History (10 events):
Event: 0.382 GC heap before
{Heap before GC invocations=1 (full 0):
 PSYoungGen      total 38400K, used 33260K [0x00000000d5900000, 0x00000000d8380000, 0x0000000100000000)
  eden space 33280K, 99% used [0x00000000d5900000,0x00000000d797b1b0,0x00000000d7980000)
  from space 5120K, 0% used [0x00000000d7e80000,0x00000000d7e80000,0x00000000d8380000)
  to   space 5120K, 0% used [0x00000000d7980000,0x00000000d7980000,0x00000000d7e80000)
 ParOldGen       total 87552K, used 0K [0x0000000080a00000, 0x0000000085f80000, 0x00000000d5900000)
  object space 87552K, 0% used [0x0000000080a00000,0x0000000080a00000,0x0000000085f80000)
 Metaspace       used 7204K, capacity 7520K, committed 7680K, reserved 1056768K
  class space    used 812K, capacity 932K, committed 1024K, reserved 1048576K
Event: 0.385 GC heap after
Heap after GC invocations=1 (full 0):
 PSYoungGen      total 38400K, used 2701K [0x00000000d5900000, 0x00000000d8380000, 0x0000000100000000)
  eden space 33280K, 0% used [0x00000000d5900000,0x00000000d5900000,0x00000000d7980000)
  from space 5120K, 52% used [0x00000000d7980000,0x00000000d7c23548,0x00000000d7e80000)
  to   space 5120K, 0% used [0x00000000d7e80000,0x00000000d7e80000,0x00000000d8380000)
 ParOldGen       total 87552K, used 8K [0x0000000080a00000, 0x0000000085f80000, 0x00000000d5900000)
  object space 87552K, 0% used [0x0000000080a00000,0x0000000080a02000,0x0000000085f80000)
 Metaspace       used 7204K, capacity 7520K, committed 7680K, reserved 1056768K
  class space    used 812K, capacity 932K, committed 1024K, reserved 1048576K
}
Event: 0.820 GC heap before
{Heap before GC invocations=2 (full 0):
 PSYoungGen      total 38400K, used 35981K [0x00000000d5900000, 0x00000000d8380000, 0x0000000100000000)
  eden space 33280K, 100% used [0x00000000d5900000,0x00000000d7980000,0x00000000d7980000)
  from space 5120K, 52% used [0x00000000d7980000,0x00000000d7c23548,0x00000000d7e80000)
  to   space 5120K, 0% used [0x00000000d7e80000,0x00000000d7e80000,0x00000000d8380000)
 ParOldGen       total 87552K, used 8K [0x0000000080a00000, 0x0000000085f80000, 0x00000000d5900000)
  object space 87552K, 0% used [0x0000000080a00000,0x0000000080a02000,0x0000000085f80000)
 Metaspace       used 15848K, capacity 16166K, committed 16384K, reserved 1062912K
  class space    used 1913K, capacity 2021K, committed 2048K, reserved 1048576K
Event: 0.826 GC heap after
Heap after GC invocations=2 (full 0):
 PSYoungGen      total 38400K, used 5088K [0x00000000d5900000, 0x00000000da400000, 0x0000000100000000)
  eden space 33280K, 0% used [0x00000000d5900000,0x00000000d5900000,0x00000000d7980000)
  from space 5120K, 99% used [0x00000000d7e80000,0x00000000d8378360,0x00000000d8380000)
  to   space 5120K, 0% used [0x00000000d7980000,0x00000000d7980000,0x00000000d7e80000)
 ParOldGen       total 87552K, used 3165K [0x0000000080a00000, 0x0000000085f80000, 0x00000000d5900000)
  object space 87552K, 3% used [0x0000000080a00000,0x0000000080d17790,0x0000000085f80000)
 Metaspace       used 15848K, capacity 16166K, committed 16384K, reserved 1062912K
  class space    used 1913K, capacity 2021K, committed 2048K, reserved 1048576K
}
Event: 1.294 GC heap before
{Heap before GC invocations=3 (full 0):
 PSYoungGen      total 38400K, used 32592K [0x00000000d5900000, 0x00000000da400000, 0x0000000100000000)
  eden space 33280K, 82% used [0x00000000d5900000,0x00000000d73dbf88,0x00000000d7980000)
  from space 5120K, 99% used [0x00000000d7e80000,0x00000000d8378360,0x00000000d8380000)
  to   space 5120K, 0% used [0x00000000d7980000,0x00000000d7980000,0x00000000d7e80000)
 ParOldGen       total 87552K, used 3165K [0x0000000080a00000, 0x0000000085f80000, 0x00000000d5900000)
  object space 87552K, 3% used [0x0000000080a00000,0x0000000080d17790,0x0000000085f80000)
 Metaspace       used 20851K, capacity 21086K, committed 21296K, reserved 1069056K
  class space    used 2542K, capacity 2633K, committed 2688K, reserved 1048576K
Event: 1.299 GC heap after
Heap after GC invocations=3 (full 0):
 PSYoungGen      total 38400K, used 5106K [0x00000000d5900000, 0x00000000da400000, 0x0000000100000000)
  eden space 33280K, 0% used [0x00000000d5900000,0x00000000d5900000,0x00000000d7980000)
  from space 5120K, 99% used [0x00000000d7980000,0x00000000d7e7cad0,0x00000000d7e80000)
  to   space 5120K, 0% used [0x00000000d9f00000,0x00000000d9f00000,0x00000000da400000)
 ParOldGen       total 87552K, used 6771K [0x0000000080a00000, 0x0000000085f80000, 0x00000000d5900000)
  object space 87552K, 7% used [0x0000000080a00000,0x000000008109cc00,0x0000000085f80000)
 Metaspace       used 20851K, capacity 21086K, committed 21296K, reserved 1069056K
  class space    used 2542K, capacity 2633K, committed 2688K, reserved 1048576K
}
Event: 1.299 GC heap before
{Heap before GC invocations=4 (full 1):
 PSYoungGen      total 38400K, used 5106K [0x00000000d5900000, 0x00000000da400000, 0x0000000100000000)
  eden space 33280K, 0% used [0x00000000d5900000,0x00000000d5900000,0x00000000d7980000)
  from space 5120K, 99% used [0x00000000d7980000,0x00000000d7e7cad0,0x00000000d7e80000)
  to   space 5120K, 0% used [0x00000000d9f00000,0x00000000d9f00000,0x00000000da400000)
 ParOldGen       total 87552K, used 6771K [0x0000000080a00000, 0x0000000085f80000, 0x00000000d5900000)
  object space 87552K, 7% used [0x0000000080a00000,0x000000008109cc00,0x0000000085f80000)
 Metaspace       used 20851K, capacity 21086K, committed 21296K, reserved 1069056K
  class space    used 2542K, capacity 2633K, committed 2688K, reserved 1048576K
Event: 1.319 GC heap after
Heap after GC invocations=4 (full 1):
 PSYoungGen      total 38400K, used 0K [0x00000000d5900000, 0x00000000da400000, 0x0000000100000000)
  eden space 33280K, 0% used [0x00000000d5900000,0x00000000d5900000,0x00000000d7980000)
  from space 5120K, 0% used [0x00000000d7980000,0x00000000d7980000,0x00000000d7e80000)
  to   space 5120K, 0% used [0x00000000d9f00000,0x00000000d9f00000,0x00000000da400000)
 ParOldGen       total 67072K, used 8584K [0x0000000080a00000, 0x0000000084b80000, 0x00000000d5900000)
  object space 67072K, 12% used [0x0000000080a00000,0x0000000081262380,0x0000000084b80000)
 Metaspace       used 20851K, capacity 21086K, committed 21296K, reserved 1069056K
  class space    used 2542K, capacity 2633K, committed 2688K, reserved 1048576K
}
Event: 1.725 GC heap before
{Heap before GC invocations=5 (full 1):
 PSYoungGen      total 38400K, used 33280K [0x00000000d5900000, 0x00000000da400000, 0x0000000100000000)
  eden space 33280K, 100% used [0x00000000d5900000,0x00000000d7980000,0x00000000d7980000)
  from space 5120K, 0% used [0x00000000d7980000,0x00000000d7980000,0x00000000d7e80000)
  to   space 5120K, 0% used [0x00000000d9f00000,0x00000000d9f00000,0x00000000da400000)
 ParOldGen       total 67072K, used 8584K [0x0000000080a00000, 0x0000000084b80000, 0x00000000d5900000)
  object space 67072K, 12% used [0x0000000080a00000,0x0000000081262380,0x0000000084b80000)
 Metaspace       used 23098K, capacity 23472K, committed 23808K, reserved 1071104K
  class space    used 2827K, capacity 2956K, committed 3072K, reserved 1048576K
Event: 1.727 GC heap after
Heap after GC invocations=5 (full 1):
 PSYoungGen      total 49152K, used 2854K [0x00000000d5900000, 0x00000000da200000, 0x0000000100000000)
  eden space 46080K, 0% used [0x00000000d5900000,0x00000000d5900000,0x00000000d8600000)
  from space 3072K, 92% used [0x00000000d9f00000,0x00000000da1c98a8,0x00000000da200000)
  to   space 5120K, 0% used [0x00000000d9800000,0x00000000d9800000,0x00000000d9d00000)
 ParOldGen       total 67072K, used 8592K [0x0000000080a00000, 0x0000000084b80000, 0x00000000d5900000)
  object space 67072K, 12% used [0x0000000080a00000,0x0000000081264380,0x0000000084b80000)
 Metaspace       used 23098K, capacity 23472K, committed 23808K, reserved 1071104K
  class space    used 2827K, capacity 2956K, committed 3072K, reserved 1048576K
}

