# JRE version: Java(TM) SE Runtime Environment (8.0_65-b17) (build 1.8.0_65-b17)
# Java VM: Java HotSpot(TM) 64-Bit Server VM (25.65-b01 mixed mode windows-amd64 compressed oops)
Heap:
 PSYoungGen      total 53248K, used 16820K [0x00000000d5900000, 0x00000000d9a80000, 0x0000000100000000)
  eden space 42496K, 39% used [0x00000000d5900000,0x00000000d696d018,0x00000000d8280000)
  from space 10752K, 0% used [0x00000000d8e80000,0x00000000d8e80000,0x00000000d9900000)
  to   space 12288K, 0% used [0x00000000d8280000,0x00000000d8280000,0x00000000d8e80000)
 ParOldGen       total 68096K, used 17186K [0x0000000080a00000, 0x0000000084c80000, 0x00000000d5900000)
  object space 68096K, 25% used [0x0000000080a00000,0x0000000081ac89d0,0x0000000084c80000)
 Metaspace       used 36511K, capacity 37912K, committed 38144K, reserved 1081344K
  class space    used 5061K, capacity 5313K, committed 5376K, reserved 1048576K
GC Heap History (10 events):
Event: 1.261 GC heap before
{Heap before GC invocations=4 (full 1):
 PSYoungGen      total 38400K, used 5106K [0x00000000d5900000, 0x00000000d8380000, 0x0000000100000000)
  eden space 33280K, 0% used [0x00000000d5900000,0x00000000d5900000,0x00000000d7980000)
  from space 5120K, 99% used [0x00000000d7980000,0x00000000d7e7cad0,0x00000000d7e80000)
  to   space 5120K, 0% used [0x00000000d7e80000,0x00000000d7e80000,0x00000000d8380000)
 ParOldGen       total 87552K, used 6789K [0x0000000080a00000, 0x0000000085f80000, 0x00000000d5900000)
  object space 87552K, 7% used [0x0000000080a00000,0x00000000810a1540,0x0000000085f80000)
 Metaspace       used 20856K, capacity 21086K, committed 21296K, reserved 1069056K
  class space    used 2539K, capacity 2633K, committed 2688K, reserved 1048576K
Event: 1.281 GC heap after
Heap after GC invocations=4 (full 1):
 PSYoungGen      total 38400K, used 0K [0x00000000d5900000, 0x00000000d8380000, 0x0000000100000000)
  eden space 33280K, 0% used [0x00000000d5900000,0x00000000d5900000,0x00000000d7980000)
  from space 5120K, 0% used [0x00000000d7980000,0x00000000d7980000,0x00000000d7e80000)
  to   space 5120K, 0% used [0x00000000d7e80000,0x00000000d7e80000,0x00000000d8380000)
 ParOldGen       total 68096K, used 8579K [0x0000000080a00000, 0x0000000084c80000, 0x00000000d5900000)
  object space 68096K, 12% used [0x0000000080a00000,0x0000000081260cb8,0x0000000084c80000)
 Metaspace       used 20856K, capacity 21086K, committed 21296K, reserved 1069056K
  class space    used 2539K, capacity 2633K, committed 2688K, reserved 1048576K
}
Event: 1.712 GC heap before
{Heap before GC invocations=5 (full 1):
 PSYoungGen      total 38400K, used 33280K [0x00000000d5900000, 0x00000000d8380000, 0x0000000100000000)
  eden space 33280K, 100% used [0x00000000d5900000,0x00000000d7980000,0x00000000d7980000)
  from space 5120K, 0% used [0x00000000d7980000,0x00000000d7980000,0x00000000d7e80000)
  to   space 5120K, 0% used [0x00000000d7e80000,0x00000000d7e80000,0x00000000d8380000)
 ParOldGen       total 68096K, used 8579K [0x0000000080a00000, 0x0000000084c80000, 0x00000000d5900000)
  object space 68096K, 12% used [0x0000000080a00000,0x0000000081260cb8,0x0000000084c80000)
 Metaspace       used 23088K, capacity 23408K, committed 23808K, reserved 1071104K
  class space    used 2825K, capacity 2956K, committed 3072K, reserved 1048576K
Event: 1.714 GC heap after
Heap after GC invocations=5 (full 1):
 PSYoungGen      total 38400K, used 2829K [0x00000000d5900000, 0x00000000d8f00000, 0x0000000100000000)
  eden space 33280K, 0% used [0x00000000d5900000,0x00000000d5900000,0x00000000d7980000)
  from space 5120K, 55% used [0x00000000d7e80000,0x00000000d8143608,0x00000000d8380000)
  to   space 5120K, 0% used [0x00000000d7980000,0x00000000d7980000,0x00000000d7e80000)
 ParOldGen       total 68096K, used 8587K [0x0000000080a00000, 0x0000000084c80000, 0x00000000d5900000)
  object space 68096K, 12% used [0x0000000080a00000,0x0000000081262cb8,0x0000000084c80000)
 Metaspace       used 23088K, capacity 23408K, committed 23808K, reserved 1071104K
  class space    used 2825K, capacity 2956K, committed 3072K, reserved 1048576K
}
Event: 2.427 GC heap before
{Heap before GC invocations=6 (full 1):
 PSYoungGen      total 38400K, used 36109K [0x00000000d5900000, 0x00000000d8f00000, 0x0000000100000000)
  eden space 33280K, 100% used [0x00000000d5900000,0x00000000d7980000,0x00000000d7980000)
  from space 5120K, 55% used [0x00000000d7e80000,0x00000000d8143608,0x00000000d8380000)
  to   space 5120K, 0% used [0x00000000d7980000,0x00000000d7980000,0x00000000d7e80000)
 ParOldGen       total 68096K, used 8587K [0x0000000080a00000, 0x0000000084c80000, 0x00000000d5900000)
  object space 68096K, 12% used [0x0000000080a00000,0x0000000081262cb8,0x0000000084c80000)
 Metaspace       used 31627K, capacity 32116K, committed 32256K, reserved 1077248K
  class space    used 4185K, capacity 4337K, committed 4352K, reserved 1048576K
Event: 2.431 GC heap after
Heap after GC invocations=6 (full 1):
 PSYoungGen      total 38400K, used 5093K [0x00000000d5900000, 0x00000000d9900000, 0x0000000100000000)
  eden space 33280K, 0% used [0x00000000d5900000,0x00000000d5900000,0x00000000d7980000)
  from space 5120K, 99% used [0x00000000d7980000,0x00000000d7e79540,0x00000000d7e80000)
  to   space 10752K, 0% used [0x00000000d8e80000,0x00000000d8e80000,0x00000000d9900000)
 ParOldGen       total 68096K, used 9792K [0x0000000080a00000, 0x0000000084c80000, 0x00000000d5900000)
  object space 68096K, 14% used [0x0000000080a00000,0x0000000081390218,0x0000000084c80000)
 Metaspace       used 31627K, capacity 32116K, committed 32256K, reserved 1077248K
  class space    used 4185K, capacity 4337K, committed 4352K, reserved 1048576K
}
Event: 6.218 GC heap before
{Heap before GC invocations=7 (full 1):
 PSYoungGen      total 38400K, used 26133K [0x00000000d5900000, 0x00000000d9900000, 0x0000000100000000)
  eden space 33280K, 63% used [0x00000000d5900000,0x00000000d6d8bf40,0x00000000d7980000)
  from space 5120K, 99% used [0x00000000d7980000,0x00000000d7e79540,0x00000000d7e80000)
  to   space 10752K, 0% used [0x00000000d8e80000,0x00000000d8e80000,0x00000000d9900000)
 ParOldGen       total 68096K, used 9792K [0x0000000080a00000, 0x0000000084c80000, 0x00000000d5900000)
  object space 68096K, 14% used [0x0000000080a00000,0x0000000081390218,0x0000000084c80000)
 Metaspace       used 34483K, capacity 35440K, committed 35496K, reserved 1079296K
  class space    used 4748K, capacity 4953K, committed 4992K, reserved 1048576K
Event: 6.224 GC heap after
Heap after GC invocations=7 (full 1):
 PSYoungGen      total 53248K, used 9450K [0x00000000d5900000, 0x00000000d9a80000, 0x0000000100000000)
  eden space 42496K, 0% used [0x00000000d5900000,0x00000000d5900000,0x00000000d8280000)
  from space 10752K, 87% used [0x00000000d8e80000,0x00000000d97babe8,0x00000000d9900000)
  to   space 12288K, 0% used [0x00000000d8280000,0x00000000d8280000,0x00000000d8e80000)
 ParOldGen       total 68096K, used 13896K [0x0000000080a00000, 0x0000000084c80000, 0x00000000d5900000)
  object space 68096K, 20% used [0x0000000080a00000,0x0000000081792238,0x0000000084c80000)
 Metaspace       used 34483K, capacity 35440K, committed 35496K, reserved 1079296K
  class space    used 4748K, capacity 4953K, committed 4992K, reserved 1048576K
}
Event: 6.224 GC heap before
{Heap before GC invocations=8 (full 2):
 PSYoungGen      total 53248K, used 9450K [0x00000000d5900000, 0x00000000d9a80000, 0x0000000100000000)
  eden space 42496K, 0% used [0x00000000d5900000,0x00000000d5900000,0x00000000d8280000)
  from space 10752K, 87% used [0x00000000d8e80000,0x00000000d97babe8,0x00000000d9900000)
  to   space 12288K, 0% used [0x00000000d8280000,0x00000000d8280000,0x00000000d8e80000)
 ParOldGen       total 68096K, used 13896K [0x0000000080a00000, 0x0000000084c80000, 0x00000000d5900000)
  object space 68096K, 20% used [0x0000000080a00000,0x0000000081792238,0x0000000084c80000)
 Metaspace       used 34483K, capacity 35440K, committed 35496K, reserved 1079296K
  class space    used 4748K, capacity 4953K, committed 4992K, reserved 1048576K
Event: 6.261 GC heap after
Heap after GC invocations=8 (full 2):
 PSYoungGen      total 53248K, used 0K [0x00000000d5900000, 0x00000000d9a80000, 0x0000000100000000)
  eden space 42496K, 0% used [0x00000000d5900000,0x00000000d5900000,0x00000000d8280000)
  from space 10752K, 0% used [0x00000000d8e80000,0x00000000d8e80000,0x00000000d9900000)
  to   space 12288K, 0% used [0x00000000d8280000,0x00000000d8280000,0x00000000d8e80000)
 ParOldGen       total 68096K, used 17186K [0x0000000080a00000, 0x0000000084c80000, 0x00000000d5900000)
  object space 68096K, 25% used [0x0000000080a00000,0x0000000081ac89d0,0x0000000084c80000)
 Metaspace       used 34483K, capacity 35440K, committed 35496K, reserved 1079296K
  class space    used 4748K, capacity 4953K, committed 4992K, reserved 1048576K
}

